<?xml version="1.0" encoding="UTF-8"?>
<!-- Generated by org.testng.reporters.JUnitReportReporter -->
<testsuite skipped="0" hostname="DESKTOP-QG903OF" name="com.crm.qa.testCases.HomePageTest" tests="1" failures="0" timestamp="29 Mar 2018 11:47:28 GMT" time="70.905" errors="0">
  <testcase name="brokenLinkOnHomePage" time="70.905" classname="com.crm.qa.testCases.HomePageTest"/>
</testsuite> <!-- com.crm.qa.testCases.HomePageTest -->
