<?xml version="1.0" encoding="UTF-8"?>
<!-- Generated by org.testng.reporters.JUnitReportReporter -->
<testsuite skipped="0" hostname="DESKTOP-QG903OF" name="com.crm.qa.testCases.LoginPageTest" tests="3" failures="0" timestamp="17 Mar 2018 23:33:59 GMT" time="130.300" errors="0">
  <testcase name="LoginPageTitleTest" time="48.073" classname="com.crm.qa.testCases.LoginPageTest"/>
  <testcase name="crmLogoImageTest" time="22.825" classname="com.crm.qa.testCases.LoginPageTest"/>
  <testcase name="loginTest" time="59.402" classname="com.crm.qa.testCases.LoginPageTest"/>
</testsuite> <!-- com.crm.qa.testCases.LoginPageTest -->
