<?xml version="1.0" encoding="UTF-8"?>
<!-- Generated by org.testng.reporters.JUnitReportReporter -->
<testsuite skipped="0" hostname="DESKTOP-QG903OF" name="com.crm.qa.testCases.LoginPageTest" tests="3" failures="0" timestamp="13 Mar 2018 18:58:38 GMT" time="68.845" errors="0">
  <testcase name="LoginPageTitleTest" time="30.451" classname="com.crm.qa.testCases.LoginPageTest"/>
  <testcase name="crmLogoImageTest" time="11.987" classname="com.crm.qa.testCases.LoginPageTest"/>
  <testcase name="loginTest" time="26.407" classname="com.crm.qa.testCases.LoginPageTest"/>
</testsuite> <!-- com.crm.qa.testCases.LoginPageTest -->
